2021-10-06T15:04:09.541Z - info: Deployed at test https://ong6.github.io/markbind-test-website!
2021-10-06T15:04:51.884Z - info: Website generation started at 11:04:51 pm
2021-10-06T15:04:51.993Z - info: Building assets...
2021-10-06T15:04:52.060Z - info: Assets built
2021-10-06T15:04:52.061Z - info: Generating pages...
2021-10-06T15:04:52.413Z - info: Pages built
2021-10-06T15:04:52.541Z - info: Site data built
2021-10-06T15:04:52.541Z - info: Website generation complete! Total build time: 0.704s
2021-10-06T15:04:52.542Z - info: Build success!
2021-10-06T15:04:56.323Z - info: Deployed at test https://ong6.github.io/markbind-test-website!
2021-10-06T15:09:48.358Z - info: Deployed at https://ong6.github.io/markbind-test-website!
2021-10-06T15:36:17.267Z - info: Website generation started at 11:36:17 pm
2021-10-06T15:36:17.375Z - info: Building assets...
2021-10-06T15:36:17.438Z - info: Assets built
2021-10-06T15:36:17.439Z - info: Generating pages...
2021-10-06T15:36:17.640Z - info: Pages built
2021-10-06T15:36:17.751Z - info: Site data built
2021-10-06T15:36:17.751Z - info: Website generation complete! Total build time: 0.528s
2021-10-06T15:36:17.752Z - info: Build success!
2021-10-06T15:36:20.356Z - info: Deployed at https://ong6.github.io/markbind-test-website!
2021-10-06T15:38:39.977Z - info: Deployed at https://ong6.github.io/markbind-test-website!
2021-10-06T15:40:27.804Z - info: Deployed at https://ong6.github.io/markbind-test-website!
