2022-01-13T13:29:04.852Z - info: Website generation started at 9:29:04 pm
2022-01-13T13:29:04.973Z - info: Building assets...
2022-01-13T13:29:05.047Z - info: Assets built
2022-01-13T13:29:05.048Z - info: Generating pages...
2022-01-13T13:29:05.250Z - info: Pages built
2022-01-13T13:29:05.389Z - info: Site data built
2022-01-13T13:29:05.389Z - info: Website generation complete! Total build time: 0.58s
2022-01-13T13:29:05.415Z - info: Serving "D:\Development\markbind\markbind-test\_site" at http://127.0.0.1:8080
2022-01-13T13:29:05.415Z - info: Press CTRL+C to stop ...
2022-01-13T13:29:16.486Z - info: [9:29:16 pm] Reload for file change: D:\Development\markbind\markbind-test\site.json
2022-01-13T13:29:16.489Z - error: Failed to read the site config file 'site.json' atD:\Development\markbind\markbind-test:
D:\Development\markbind\markbind-test\site.json: Unexpected token / in JSON at position 424
Please ensure the file exist or is valid
2022-01-13T13:29:18.688Z - info: [9:29:18 pm] Reload for file change: D:\Development\markbind\markbind-test\site.json
2022-01-13T13:29:18.693Z - error: Failed to read the site config file 'site.json' atD:\Development\markbind\markbind-test:
D:\Development\markbind\markbind-test\site.json: Unexpected token } in JSON at position 422
Please ensure the file exist or is valid
2022-01-13T13:29:20.048Z - info: [9:29:20 pm] Reload for file change: D:\Development\markbind\markbind-test\site.json
2022-01-13T13:29:21.070Z - info: Pages or site config modified, updating pages...
2022-01-13T13:29:22.073Z - warn: Rebuilding all pages...
2022-01-13T13:29:22.073Z - info: Generating pages...
2022-01-13T13:29:22.205Z - info: Pages built
2022-01-13T13:29:22.208Z - info: Site data built
2022-01-13T13:29:26.456Z - info: [9:29:26 pm] Reload for file change: D:\Development\markbind\markbind-test\site.json
2022-01-13T13:29:27.478Z - info: Pages or site config modified, updating pages...
2022-01-13T13:29:28.487Z - warn: Rebuilding all pages...
2022-01-13T13:29:28.488Z - info: Generating pages...
2022-01-13T13:29:28.587Z - info: Pages built
2022-01-13T13:29:28.589Z - info: Site data built
2022-01-13T13:29:28.987Z - info: [9:29:28 pm] Reload for file change: D:\Development\markbind\markbind-test\site.json
2022-01-13T13:29:28.992Z - info: No pages needed to be rebuilt
2022-01-13T13:30:22.942Z - info: [9:30:22 pm] Reload for file change: D:\Development\markbind\markbind-test\site.json
2022-01-13T13:30:24.084Z - info: [9:30:24 pm] Reload for file change: D:\Development\markbind\markbind-test\site.json
2022-01-13T13:30:24.087Z - info: No pages needed to be rebuilt
2022-01-13T13:30:25.091Z - info: Pages or site config modified, updating pages...
2022-01-13T13:30:26.099Z - warn: Rebuilding all pages...
2022-01-13T13:30:26.099Z - info: Generating pages...
2022-01-13T13:30:26.205Z - info: Pages built
2022-01-13T13:30:26.209Z - info: Site data built
2022-01-13T13:32:26.957Z - info: [9:32:26 pm] Reload for file change: D:\Development\markbind\markbind-test\index.md
2022-01-13T13:32:27.963Z - info: Rebuilding 1 pages
2022-01-13T13:32:28.034Z - info: Site data built
2022-01-13T13:32:28.034Z - info: Pages rebuilt
2022-01-13T13:32:28.034Z - info: Website regeneration complete! Total build time: 0.071s
2022-01-13T13:32:31.534Z - info: [9:32:31 pm] Reload for file change: D:\Development\markbind\markbind-test\index.md
2022-01-13T13:32:32.540Z - info: Rebuilding 1 pages
2022-01-13T13:32:32.589Z - info: Site data built
2022-01-13T13:32:32.589Z - info: Pages rebuilt
2022-01-13T13:32:32.589Z - info: Website regeneration complete! Total build time: 0.05s
2022-01-13T13:32:36.098Z - info: [9:32:36 pm] Reload for file change: D:\Development\markbind\markbind-test\index.md
2022-01-13T13:32:37.114Z - info: Rebuilding 1 pages
2022-01-13T13:32:37.168Z - info: Site data built
2022-01-13T13:32:37.168Z - info: Pages rebuilt
2022-01-13T13:32:37.169Z - info: Website regeneration complete! Total build time: 0.055s
2022-01-13T13:32:42.709Z - info: [9:32:42 pm] Reload for file change: D:\Development\markbind\markbind-test\index.md
2022-01-13T13:32:43.720Z - info: Rebuilding 1 pages
2022-01-13T13:32:43.784Z - info: Site data built
2022-01-13T13:32:43.785Z - info: Pages rebuilt
2022-01-13T13:32:43.785Z - info: Website regeneration complete! Total build time: 0.066s
2022-01-13T13:32:45.962Z - info: [9:32:45 pm] Reload for file change: D:\Development\markbind\markbind-test\index.md
2022-01-13T13:32:46.966Z - info: Rebuilding 1 pages
2022-01-13T13:32:47.018Z - info: Site data built
2022-01-13T13:32:47.018Z - info: Pages rebuilt
2022-01-13T13:32:47.019Z - info: Website regeneration complete! Total build time: 0.052s
2022-01-13T13:35:35.967Z - info: [9:35:35 pm] Reload for file change: D:\Development\markbind\markbind-test\site.json
2022-01-13T13:35:36.574Z - error: Failed to read the site config file 'site.json' atD:\Development\markbind\markbind-test:
D:\Development\markbind\markbind-test\site.json: Unexpected token / in JSON at position 423
Please ensure the file exist or is valid
2022-01-13T13:35:38.844Z - info: [9:35:38 pm] Reload for file change: D:\Development\markbind\markbind-test\site.json
2022-01-13T13:35:39.859Z - info: Pages or site config modified, updating pages...
2022-01-13T13:35:40.867Z - warn: Rebuilding all pages...
2022-01-13T13:35:40.867Z - info: Generating pages...
2022-01-13T13:35:40.961Z - info: Pages built
2022-01-13T13:35:40.964Z - info: Site data built
