2021-09-22T15:02:41.069Z - info: Changes detected in MarkBind Vue Source Files: 
Bundle is regenerated by webpack and built pages are re-rendered with the latest bundle.
2021-09-22T15:02:43.041Z - info: Website generation started at 11:02:43 pm
2021-09-22T15:02:44.200Z - info: Building assets...
2021-09-22T15:02:44.772Z - info: Assets built
2021-09-22T15:02:44.773Z - info: Generating pages...
2021-09-22T15:02:45.047Z - info: Pages built
2021-09-22T15:02:49.023Z - info: Site data built
2021-09-22T15:02:49.024Z - info: Website generation complete! Total build time: 5.995s
2021-09-22T15:02:49.047Z - info: Serving "D:\development\markbind\markbind-test\_site" at http://127.0.0.1:8080
2021-09-22T15:02:49.047Z - info: Press CTRL+C to stop ...
2021-09-22T15:02:49.381Z - info: [11:02:49 pm] Reload for file change: D:\development\markbind\markbind-test\index.md
2021-09-22T15:02:50.388Z - info: Rebuilding 1 pages
2021-09-22T15:02:50.474Z - info: Site data built
2021-09-22T15:02:50.474Z - info: Pages rebuilt
2021-09-22T15:02:50.474Z - info: Website regeneration complete! Total build time: 0.087s
2021-09-22T15:02:56.961Z - info: [11:02:56 pm] Reload for file change: D:\development\markbind\markbind-test\index.md
2021-09-22T15:02:57.964Z - info: Rebuilding 1 pages
2021-09-22T15:02:58.076Z - info: Site data built
2021-09-22T15:02:58.076Z - info: Pages rebuilt
2021-09-22T15:02:58.076Z - info: Website regeneration complete! Total build time: 0.113s
2021-09-22T15:03:36.320Z - info: [11:03:36 pm] Reload for file change: D:\development\markbind\markbind-test\index.md
2021-09-22T15:03:37.335Z - info: Rebuilding 1 pages
2021-09-22T15:03:37.412Z - info: Site data built
2021-09-22T15:03:37.413Z - info: Pages rebuilt
2021-09-22T15:03:37.413Z - info: Website regeneration complete! Total build time: 0.079s
2021-09-22T15:03:45.554Z - info: [11:03:45 pm] Reload for file change: D:\development\markbind\markbind-test\index.md
2021-09-22T15:03:46.559Z - info: Rebuilding 1 pages
2021-09-22T15:03:46.638Z - info: Site data built
2021-09-22T15:03:46.638Z - info: Pages rebuilt
2021-09-22T15:03:46.638Z - info: Website regeneration complete! Total build time: 0.081s
2021-09-22T15:04:01.146Z - info: [11:04:01 pm] Reload for file change: D:\development\markbind\markbind-test\index.md
2021-09-22T15:04:02.160Z - info: Rebuilding 1 pages
2021-09-22T15:04:02.225Z - info: Site data built
2021-09-22T15:04:02.225Z - info: Pages rebuilt
2021-09-22T15:04:02.226Z - info: Website regeneration complete! Total build time: 0.067s
2021-09-22T15:04:37.660Z - info: [11:04:37 pm] Reload for file change: D:\development\markbind\markbind-test\index.md
2021-09-22T15:04:38.665Z - info: Rebuilding 1 pages
2021-09-22T15:04:38.727Z - info: Site data built
2021-09-22T15:04:38.727Z - info: Pages rebuilt
2021-09-22T15:04:38.727Z - info: Website regeneration complete! Total build time: 0.062s
2021-09-22T15:04:39.445Z - info: [11:04:39 pm] Reload for file change: D:\development\markbind\markbind-test\index.md
2021-09-22T15:04:40.454Z - info: Rebuilding 1 pages
2021-09-22T15:04:40.528Z - info: Site data built
2021-09-22T15:04:40.529Z - info: Pages rebuilt
2021-09-22T15:04:40.529Z - info: Website regeneration complete! Total build time: 0.076s
2021-09-22T15:08:30.781Z - error:  TypeError: Cannot read property 'trim' of undefined
    at generateGhPagesUrl (D:\development\markbind\markbind\packages\core\src\Site\index.js:1598:46)
    at Function.getDeploymentUrl (D:\development\markbind\markbind\packages\core\src\Site\index.js:1601:14)
2021-09-22T15:08:30.782Z - info: Deployed!
